2020-11-25 23:09:14|   0.0|  0.0|INFORM|FME 2020.1.3.0 (20201001 - Build 20632 - WIN64)
2020-11-25 23:09:14|   0.0|  0.0|INFORM|FME_HOME is 'C:\Program Files\FME\'
2020-11-25 23:09:14|   0.0|  0.0|INFORM|FME Database Edition (node locked-crc)
2020-11-25 23:09:14|   0.0|  0.0|INFORM|Serial Number: 0
2020-11-25 23:09:14|   0.0|  0.0|INFORM|Temporary License: 74 days left.
2020-11-25 23:09:14|   0.0|  0.0|INFORM|Machine host name is: DESKTOP-ORJMQCL
2020-11-25 23:09:14|   0.0|  0.0|INFORM|START - ProcessID: 18732, peak process memory usage: 36688 kB, current process memory usage: 36588 kB
2020-11-25 23:09:14|   0.0|  0.0|INFORM|FME Configuration: Command line arguments are `C:\Program Files\FME\fme.exe' `C:/Users/Demo/CesiumCityGMLExp/FME\wb-xlate-1606338554064_15680' `LOG_STANDARDOUT' `YES' `LogCountServerName' `{c239e325-4620-4ac1-8617-ee1e7e8313ff}'
2020-11-25 23:09:14|   0.0|  0.0|INFORM|FME Configuration: Connection Storage: 'C:\Users\Demo\AppData\Roaming\Safe Software\FME\'
2020-11-25 23:09:14|   0.4|  0.4|INFORM|Shared folders for formats are : C:\Program Files\FME\datasources;C:\Users\Demo\Documents\FME\Formats
2020-11-25 23:09:14|   0.4|  0.0|INFORM|Shared folders for transformers are : C:\Users\Demo\AppData\Roaming\Safe Software\FME\Packages\20632-win64\transformers;C:\Program Files\FME\transformers;C:\Users\Demo\AppData\Roaming\Safe Software\FME\FME Store\Transformers
2020-11-25 23:09:14|   0.4|  0.0|INFORM|Shared folders for coordinate systems are : C:\Users\Demo\Documents\FME\CoordinateSystems
2020-11-25 23:09:14|   0.4|  0.0|INFORM|Shared folders for coordinate system exceptions are : C:\Users\Demo\Documents\FME\CoordinateSystemExceptions
2020-11-25 23:09:14|   0.4|  0.0|INFORM|Shared folders for coordinate system grid overrides are : C:\Users\Demo\Documents\FME\CoordinateSystemGridOverrides
2020-11-25 23:09:14|   0.4|  0.0|INFORM|Shared folders for CS-MAP transformation exceptions are : C:\Users\Demo\Documents\FME\CsmapTransformationExceptions
2020-11-25 23:09:14|   0.4|  0.0|INFORM|Shared folders for transformer categories are : C:\Users\Demo\Documents\FME\TransformerCategories
2020-11-25 23:09:14|   0.4|  0.0|INFORM|FME Configuration: Reader Keyword is `MULTI_READER'
2020-11-25 23:09:14|   0.4|  0.0|INFORM|FME Configuration: Writer Keyword is `MULTI_WRITER'
2020-11-25 23:09:14|   0.4|  0.0|INFORM|FME Configuration: Writer Group Definition Keyword is `MULTI_WRITER_DEF'
2020-11-25 23:09:14|   0.4|  0.0|INFORM|FME Configuration: Reader type is `MULTI_READER'
2020-11-25 23:09:14|   0.4|  0.0|INFORM|FME Configuration: Writer type is `MULTI_WRITER'
2020-11-25 23:09:14|   0.4|  0.0|INFORM|FME Configuration: No destination coordinate system set
2020-11-25 23:09:14|   0.4|  0.0|INFORM|FME Configuration: Current working folder is `C:\Users\Demo\CesiumCityGMLExp\FME'
2020-11-25 23:09:14|   0.4|  0.0|INFORM|FME Configuration: Temporary folder is `C:\Users\Demo\AppData\Local\Temp\wbrun_1606213268660_15680\fmetmp_1606338554088_15680', set from environment variable `FME_TEMP'
2020-11-25 23:09:14|   0.4|  0.0|INFORM|FME Configuration: FME_HOME is `C:\Program Files\FME\'
2020-11-25 23:09:14|   0.4|  0.0|INFORM|FME Configuration: FME_BASE is 'no'
2020-11-25 23:09:14|   0.4|  0.0|INFORM|FME Configuration: FME_MF_DIR is 'C:\Users\Demo\CesiumCityGMLExp\FME/'
2020-11-25 23:09:14|   0.4|  0.0|INFORM|FME Configuration: FME_MF_NAME is 'citygml2cesium3dtilesKalasatama.fmw'
2020-11-25 23:09:14|   0.4|  0.0|INFORM|FME Configuration: FME_PRODUCT_NAME is 'FME(R) 2020.1.3.0'
2020-11-25 23:09:14|   0.4|  0.0|INFORM|System Status: 46.97 GB of disk space available in the FME temporary folder (C:\Users\Demo\AppData\Local\Temp\wbrun_1606213268660_15680\fmetmp_1606338554088_15680)
2020-11-25 23:09:14|   0.4|  0.0|INFORM|System Status: 15.96 GB of physical memory available
2020-11-25 23:09:14|   0.4|  0.0|INFORM|System Status: 31.96 GB of virtual memory available
2020-11-25 23:09:14|   0.4|  0.0|INFORM|Operating System: Microsoft Windows 10 64-bit  (Build 19041)
2020-11-25 23:09:14|   0.4|  0.0|INFORM|FME Platform: WIN64
2020-11-25 23:09:14|   0.4|  0.0|INFORM|Locale: en_FI
2020-11-25 23:09:14|   0.5|  0.0|INFORM|System Encoding: windows-1252
2020-11-25 23:09:14|   0.5|  0.0|INFORM|FME Configuration: Start freeing memory when the process exceeds 47.87 GB
2020-11-25 23:09:14|   0.5|  0.0|INFORM|FME Configuration: Stop freeing memory when the process is below 35.90 GB
2020-11-25 23:09:14|   0.5|  0.0|INFORM|Creating writer for format: 
2020-11-25 23:09:14|   0.5|  0.0|INFORM|Creating reader for format: 
2020-11-25 23:09:14|   0.5|  0.0|INFORM|MULTI_READER(MULTI_READER): Will fail with first member reader failure
2020-11-25 23:09:14|   0.5|  0.0|INFORM|MULTI_READER(MULTI_READER): Adding CITYGML Reader with keyword CITYGML_1
2020-11-25 23:09:14|   0.5|  0.0|INFORM|Using Multi Reader with keyword `MULTI_READER' to read multiple datasets
2020-11-25 23:09:14|   0.5|  0.1|INFORM|Creating reader for format: CityGML
2020-11-25 23:09:14|   0.6|  0.0|INFORM|Trying to find a DYNAMIC plugin for reader named `CITYGML'
2020-11-25 23:09:14|   0.6|  0.0|INFORM|Loaded module 'CITYGML' from file 'C:\Program Files\FME\plugins/CITYGML.dll'
2020-11-25 23:09:14|   0.6|  0.0|INFORM|FME API version of module 'CITYGML' matches current internal version (3.8 20200115)
2020-11-25 23:09:14|   0.6|  0.0|INFORM|Opening the CITYGML reader with source dataset 'C:\Users\Demo\CesiumCityGMLExp\FME_data_out\kalasatamapart.gml'
2020-11-25 23:09:14|   0.6|  0.0|INFORM|Parsing XML document 'C:\Users\Demo\CesiumCityGMLExp\FME_data_out\kalasatamapart.gml'
2020-11-25 23:09:14|   0.6|  0.0|INFORM|The uri-map document 'C:\Program Files\FME\xml\urimap\gml_aixm.xml' is being used to map from URI to URI
2020-11-25 23:09:14|   0.6|  0.0|INFORM|The uri-map document 'C:\Program Files\FME\xml\urimap\gml_inspire.xml' is being used to map from URI to URI
2020-11-25 23:09:14|   0.6|  0.0|INFORM|The uri-map document 'C:\Program Files\FME\xml\urimap\gml_sosi.xml' is being used to map from URI to URI
2020-11-25 23:09:15|   0.6|  0.0|INFORM|The uri-map document 'C:\Program Files\FME\xml\urimap\gml_urimap.xml' is being used to map from URI to URI
2020-11-25 23:09:15|   0.6|  0.0|INFORM|The uri-map document 'C:\Program Files\FME\xml\urimap\gml_citygml.xml' is being used to map from URI to URI
2020-11-25 23:09:15|   0.6|  0.0|INFORM|CityGML Reader: Using namespace declarations in dataset to determine schemas - XML Namespace 'http://www.opengis.net/citygml/cityobjectgroup/2.0' mapped to schema 'cityObjectGroup.xsd'
2020-11-25 23:09:15|   0.6|  0.0|INFORM|CityGML Reader: Using namespace declarations in dataset to determine schemas - XML Namespace 'http://www.opengis.net/citygml/building/2.0' mapped to schema 'building.xsd'
2020-11-25 23:09:15|   0.6|  0.0|INFORM|CityGML Reader: Using namespace declarations in dataset to determine schemas - XML Namespace 'http://www.opengis.net/citygml/generics/2.0' mapped to schema 'generics.xsd'
2020-11-25 23:09:15|   0.6|  0.0|INFORM|CityGML Reader: Using namespace declarations in dataset to determine schemas - XML Namespace 'http://www.opengis.net/citygml/landuse/2.0' mapped to schema 'landUse.xsd'
2020-11-25 23:09:15|   0.6|  0.0|INFORM|CityGML Reader: Using namespace declarations in dataset to determine schemas - XML Namespace 'http://www.opengis.net/citygml/profiles/base/2.0' mapped to schema 'CityGML.xsd'
2020-11-25 23:09:15|   0.6|  0.0|INFORM|CityGML Reader: Using namespace declarations in dataset to determine schemas - XML Namespace 'http://www.opengis.net/citygml/relief/2.0' mapped to schema 'relief.xsd'
2020-11-25 23:09:15|   0.6|  0.0|INFORM|CityGML Reader: Using namespace declarations in dataset to determine schemas - XML Namespace 'http://www.opengis.net/citygml/appearance/2.0' mapped to schema 'appearance.xsd'
2020-11-25 23:09:15|   0.6|  0.0|INFORM|CityGML Reader: Using namespace declarations in dataset to determine schemas - XML Namespace 'http://www.opengis.net/citygml/texturedsurface/2.0' mapped to schema 'texturedSurface.xsd'
2020-11-25 23:09:15|   0.6|  0.0|INFORM|CityGML Reader: Using namespace declarations in dataset to determine schemas - XML Namespace 'http://www.w3.org/1999/xlink' mapped to schema 'xlink.xsd'
2020-11-25 23:09:15|   0.6|  0.0|INFORM|CityGML Reader: Using namespace declarations in dataset to determine schemas - XML Namespace 'http://www.opengis.net/citygml/vegetation/2.0' mapped to schema 'vegetation.xsd'
2020-11-25 23:09:15|   0.6|  0.0|INFORM|CityGML Reader: Using namespace declarations in dataset to determine schemas - XML Namespace 'http://www.opengis.net/citygml/2.0' mapped to schema 'cityGMLBase.xsd'
2020-11-25 23:09:15|   0.6|  0.0|INFORM|CityGML Reader: Using namespace declarations in dataset to determine schemas - XML Namespace 'http://www.opengis.net/citygml/tunnel/2.0' mapped to schema 'tunnel.xsd'
2020-11-25 23:09:15|   0.6|  0.0|INFORM|CityGML Reader: Using namespace declarations in dataset to determine schemas - XML Namespace 'http://www.opengis.net/citygml/waterbody/2.0' mapped to schema 'waterBody.xsd'
2020-11-25 23:09:15|   0.6|  0.0|INFORM|CityGML Reader: Using namespace declarations in dataset to determine schemas - XML Namespace 'http://www.opengis.net/citygml/cityfurniture/2.0' mapped to schema 'cityFurniture.xsd'
2020-11-25 23:09:15|   0.6|  0.0|INFORM|CityGML Reader: Using namespace declarations in dataset to determine schemas - XML Namespace 'http://www.opengis.net/citygml/transportation/2.0' mapped to schema 'transportation.xsd'
2020-11-25 23:09:15|   0.6|  0.0|INFORM|CityGML Reader: Using namespace declarations in dataset to determine schemas - XML Namespace 'http://www.opengis.net/citygml/bridge/2.0' mapped to schema 'bridge.xsd'
2020-11-25 23:09:15|   0.6|  0.0|INFORM|URI 'CityGML.xsd' mapped to 'file:///C:/Program Files/FME/xml/schemas/CityGML/CityGML/2.0/CityGML.xsd'
2020-11-25 23:09:15|   0.6|  0.0|INFORM|Parsing schema document 'file:///C:/Program Files/FME/xml/schemas/CityGML/CityGML/2.0/CityGML.xsd' ...
2020-11-25 23:09:15|   0.6|  0.0|INFORM|A <schemaLocation> in the uri-map is overriding the namespace 'http://www.w3.org/1999/xlink' xsd location from '../xlink/xlinks.xsd' to 'xlink.xsd'
2020-11-25 23:09:15|   0.7|  0.1|INFORM|URI 'cityObjectGroup.xsd' mapped to 'file:///C:/Program Files/FME/xml/schemas/CityGML/CityGML/2.0/CityGML/cityObjectGroup.xsd'
2020-11-25 23:09:15|   0.7|  0.0|INFORM|URI 'building.xsd' mapped to 'file:///C:/Program Files/FME/xml/schemas/CityGML/CityGML/2.0/CityGML/building.xsd'
2020-11-25 23:09:15|   0.7|  0.0|INFORM|URI 'generics.xsd' mapped to 'file:///C:/Program Files/FME/xml/schemas/CityGML/CityGML/2.0/CityGML/generics.xsd'
2020-11-25 23:09:15|   0.7|  0.0|INFORM|URI 'landUse.xsd' mapped to 'file:///C:/Program Files/FME/xml/schemas/CityGML/CityGML/2.0/CityGML/landUse.xsd'
2020-11-25 23:09:15|   0.7|  0.0|INFORM|URI 'relief.xsd' mapped to 'file:///C:/Program Files/FME/xml/schemas/CityGML/CityGML/2.0/CityGML/relief.xsd'
2020-11-25 23:09:15|   0.7|  0.0|INFORM|URI 'appearance.xsd' mapped to 'file:///C:/Program Files/FME/xml/schemas/CityGML/CityGML/2.0/CityGML/appearance.xsd'
2020-11-25 23:09:15|   0.7|  0.0|INFORM|URI 'texturedSurface.xsd' mapped to 'file:///C:/Program Files/FME/xml/schemas/CityGML/CityGML/2.0/CityGML/texturedSurface.xsd'
2020-11-25 23:09:15|   0.7|  0.0|INFORM|A <schemaLocation> in the uri-map is overriding the namespace 'http://www.w3.org/1999/xlink' xsd location from 'xlink.xsd' to 'xlink.xsd'
2020-11-25 23:09:15|   0.7|  0.0|INFORM|URI 'xlink.xsd' mapped to 'file:///C:/Program Files/FME/xml/schemas/xlink/1.0.0/xlink.xsd'
2020-11-25 23:09:15|   0.7|  0.0|INFORM|URI 'vegetation.xsd' mapped to 'file:///C:/Program Files/FME/xml/schemas/CityGML/CityGML/2.0/CityGML/vegetation.xsd'
2020-11-25 23:09:15|   0.7|  0.0|INFORM|URI 'cityGMLBase.xsd' mapped to 'file:///C:/Program Files/FME/xml/schemas/CityGML/CityGML/2.0/CityGML/cityGMLBase.xsd'
2020-11-25 23:09:15|   0.7|  0.0|INFORM|URI 'tunnel.xsd' mapped to 'file:///C:/Program Files/FME/xml/schemas/CityGML/CityGML/2.0/CityGML/tunnel.xsd'
2020-11-25 23:09:15|   0.7|  0.0|INFORM|URI 'waterBody.xsd' mapped to 'file:///C:/Program Files/FME/xml/schemas/CityGML/CityGML/2.0/CityGML/waterBody.xsd'
2020-11-25 23:09:15|   0.7|  0.0|INFORM|URI 'cityFurniture.xsd' mapped to 'file:///C:/Program Files/FME/xml/schemas/CityGML/CityGML/2.0/CityGML/cityFurniture.xsd'
2020-11-25 23:09:15|   0.7|  0.0|INFORM|URI 'transportation.xsd' mapped to 'file:///C:/Program Files/FME/xml/schemas/CityGML/CityGML/2.0/CityGML/transportation.xsd'
2020-11-25 23:09:15|   0.7|  0.0|INFORM|URI 'bridge.xsd' mapped to 'file:///C:/Program Files/FME/xml/schemas/CityGML/CityGML/2.0/CityGML/bridge.xsd'
2020-11-25 23:09:15|   0.7|  0.0|INFORM|Using XSD semantics configuration file 'file:///C:/Program Files/FME/xml/CityGML/CityGML_config.xml'.
2020-11-25 23:09:15|   0.7|  0.0|INFORM|Using prefix 'xlink' for uri 'http://www.w3.org/1999/xlink'
2020-11-25 23:09:15|   0.7|  0.0|INFORM|Using prefix 'gml' for uri 'http://www.opengis.net/gml'
2020-11-25 23:09:15|   0.7|  0.0|INFORM|Using prefix 'sch' for uri 'http://www.ascc.net/xml/schematron'
2020-11-25 23:09:15|   0.7|  0.0|INFORM|Using prefix 'smil20' for uri 'http://www.w3.org/2001/SMIL20/'
2020-11-25 23:09:15|   0.7|  0.0|INFORM|Using prefix 'xsi' for uri 'http://www.w3.org/2001/XMLSchema-instance'
2020-11-25 23:09:15|   0.7|  0.0|INFORM|Using prefix 'core' for uri 'http://www.opengis.net/citygml/2.0'
2020-11-25 23:09:15|   0.7|  0.0|INFORM|Using prefix 'smil20lang' for uri 'http://www.w3.org/2001/SMIL20/Language'
2020-11-25 23:09:15|   0.7|  0.0|INFORM|Using prefix 'grp' for uri 'http://www.opengis.net/citygml/cityobjectgroup/2.0'
2020-11-25 23:09:15|   0.7|  0.0|INFORM|Using prefix 'tun' for uri 'http://www.opengis.net/citygml/tunnel/2.0'
2020-11-25 23:09:15|   0.7|  0.0|INFORM|Using prefix 'bldg' for uri 'http://www.opengis.net/citygml/building/2.0'
2020-11-25 23:09:15|   0.7|  0.0|INFORM|Using prefix 'xAL' for uri 'urn:oasis:names:tc:ciq:xsdschema:xAL:2.0'
2020-11-25 23:09:15|   0.7|  0.0|INFORM|Using prefix 'pbase' for uri 'http://www.opengis.net/citygml/profiles/base/2.0'
2020-11-25 23:09:15|   0.7|  0.0|INFORM|Using prefix 'gen' for uri 'http://www.opengis.net/citygml/generics/2.0'
2020-11-25 23:09:15|   0.7|  0.0|INFORM|Using prefix 'luse' for uri 'http://www.opengis.net/citygml/landuse/2.0'
2020-11-25 23:09:15|   0.7|  0.0|INFORM|Using prefix 'app' for uri 'http://www.opengis.net/citygml/appearance/2.0'
2020-11-25 23:09:15|   0.7|  0.0|INFORM|Using prefix 'dem' for uri 'http://www.opengis.net/citygml/relief/2.0'
2020-11-25 23:09:15|   0.7|  0.0|INFORM|Using prefix 'tex' for uri 'http://www.opengis.net/citygml/texturedsurface/2.0'
2020-11-25 23:09:15|   0.7|  0.0|INFORM|Using prefix 'veg' for uri 'http://www.opengis.net/citygml/vegetation/2.0'
2020-11-25 23:09:15|   0.7|  0.0|INFORM|Using prefix 'frn' for uri 'http://www.opengis.net/citygml/cityfurniture/2.0'
2020-11-25 23:09:15|   0.7|  0.0|INFORM|Using prefix 'wtr' for uri 'http://www.opengis.net/citygml/waterbody/2.0'
2020-11-25 23:09:15|   0.7|  0.0|INFORM|Using prefix 'brid' for uri 'http://www.opengis.net/citygml/bridge/2.0'
2020-11-25 23:09:15|   0.7|  0.0|INFORM|Using prefix 'tran' for uri 'http://www.opengis.net/citygml/transportation/2.0'
2020-11-25 23:09:15|   1.1|  0.4|INFORM|Pre-processing xfMap 'C:\Users\Demo\AppData\Local\Temp\GML_XFMAP_CACHE\CACHED_AUTOGEN_1606338555009_18732.xfmap' with macro stylesheet 'C:\Program Files\FME\xfmap\xfmap_macro.xslt' into 'C:\Users\Demo\AppData\Local\Temp\GML_XFMAP_CACHE\CACHED_AUTOGEN_1606338555484_18732.xfmap'
2020-11-25 23:09:15|   1.4|  0.3|INFORM|CityGML Reader: Caching xfMap file for subsequent reads 'C:\Users\Demo\AppData\Local\Temp\GML_XFMAP_CACHE\CACHED_AUTOGEN_1606338555484_18732.xfmap'
2020-11-25 23:09:15|   1.4|  0.0|INFORM|Using MultiWriter with keyword `MULTI_WRITER' to output data (ID_ATTRIBUTE is `multi_writer_id')
2020-11-25 23:09:15|   1.4|  0.0|INFORM|Writer output will be ordered by value of multi_writer_id
2020-11-25 23:09:15|   1.4|  0.0|INFORM|Loaded module 'LogCount_func' from file 'C:\Program Files\FME\plugins/LogCount_func.dll'
2020-11-25 23:09:15|   1.4|  0.0|INFORM|FME API version of module 'LogCount_func' matches current internal version (3.8 20200115)
2020-11-25 23:09:15|   1.4|  0.0|INFORM|FME Configuration: Using FME Reprojection Engine
2020-11-25 23:09:15|   1.5|  0.0|INFORM|The XML Reader is using xfMap 'C:\Users\Demo\AppData\Local\Temp\GML_XFMAP_CACHE\CACHED_AUTOGEN_1606338555484_18732.xfmap'
2020-11-25 23:09:15|   1.5|  0.0|INFORM|Parsing XML document 'C:\Users\Demo\CesiumCityGMLExp\FME_data_out\kalasatamapart.gml'
2020-11-25 23:09:16|   2.4|  0.9|INFORM|FME Configuration: Source coordinate system for reader CITYGML_1[CITYGML] set to `EPSG:3879' as read from input data
2020-11-25 23:09:16|   2.4|  0.0|INFORM|Coordinate System `EPSG:3879' parameters: CS_NAME=`ETRS89.FinGK-25/10_FME' DESC_NM=`ETRS89 / ETRS-GK25FIN 2010' DT_NAME=`ETRS89/01' GROUP=`FINLAND' MAP_SCL=`1' MAX_LAT=`68.9' MAX_LNG=`25.5' MIN_LAT=`60' MIN_LNG=`24.5' PARM1=`25' PROJ=`TM' QUAD=`1' SCL_RED=`1' SOURCE=`EPSG' UNIT=`Meter' X_OFF=`25500000' ZERO_X=`0.001' ZERO_Y=`0.001'
2020-11-25 23:09:16|   2.4|  0.0|STATS |Storing feature(s) to FME feature store file `C:\Users\Demo\AppData\Local\Temp\wb-cache-citygml2cesium3dtilesKalasatama-GSlcBi\Main_GroundSurface -1 6 -1  0  09a977032d97aa302b2fcd0d63176d1730961fae.ffsupdating'
2020-11-25 23:09:16|   2.4|  0.0|INFORM|Creating writer for format: Cesium 3D Tiles
2020-11-25 23:09:16|   2.4|  0.0|INFORM|Trying to find a DYNAMIC plugin for writer named `CESIUM3DTILES'
2020-11-25 23:09:16|   2.4|  0.0|INFORM|Loaded module 'CESIUM3DTILES' from file 'C:\Program Files\FME\plugins/CESIUM3DTILES.dll'
2020-11-25 23:09:16|   2.4|  0.0|INFORM|FME API version of module 'CESIUM3DTILES' matches current internal version (3.8 20200115)
2020-11-25 23:09:16|   2.4|  0.0|INFORM|FME Configuration: No destination coordinate system set
2020-11-25 23:09:16|   2.4|  0.0|INFORM|FME API version of module 'CESIUM3DTILES' matches current internal version (3.8 20200115)
2020-11-25 23:09:16|   2.4|  0.0|INFORM|Writer `CESIUM3DTILES_1' of type `CESIUM3DTILES' using group definition keyword `CESIUM3DTILES_1_DEF'
2020-11-25 23:09:16|   2.4|  0.0|INFORM|FME API version of module 'CESIUM3DTILES' matches current internal version (3.8 20200115)
2020-11-25 23:09:16|   2.4|  0.0|INFORM|(CESIUM3DTILES_1) Opening a Cesium 3D Tiles writer with dataset 'C:\Users\Demo\CesiumCityGMLExp\public'
2020-11-25 23:09:16|   2.4|  0.0|INFORM|CS-MAP Reprojector: Transformation will be automatically selected for 'EPSG:3879' -> 'EPSG:4978', and is not guaranteed to remain the same in future releases of FME
2020-11-25 23:09:17|   2.4|  0.0|INFORM|Reprojector: Using transformation `ETRS89/01_to_WGS84,Forward(Geocentric)' when reprojecting from EPSG:3879 to EPSG:4978
2020-11-25 23:09:17|   2.4|  0.0|STATS |Storing feature(s) to FME feature store file `C:\Users\Demo\AppData\Local\Temp\wb-cache-citygml2cesium3dtilesKalasatama-GSlcBi\Main_RoofSurface -1 4 -1  0  fa00df82302c233b443724c1c8bea28a014b7c77.ffsupdating'
2020-11-25 23:09:17|   2.4|  0.0|STATS |Storing feature(s) to FME feature store file `C:\Users\Demo\AppData\Local\Temp\wb-cache-citygml2cesium3dtilesKalasatama-GSlcBi\Main_WallSurface -1 2 -1  0  6c608355ba7a00d5d942ff822b90d5d9e22fa06a.ffsupdating'
2020-11-25 23:09:17|   2.4|  0.0|STATS |Storing feature(s) to FME feature store file `C:\Users\Demo\AppData\Local\Temp\wb-cache-citygml2cesium3dtilesKalasatama-GSlcBi\Main_Address -1 12 -1  0  2bb31d1abb9647585bfdbe5a20e8ecf54074eddd.ffsupdating'
2020-11-25 23:09:17|   2.5|  0.0|STATS |Storing feature(s) to FME feature store file `C:\Users\Demo\AppData\Local\Temp\wb-cache-citygml2cesium3dtilesKalasatama-GSlcBi\Main_Building -1 10 -1  0  61a1b9fb428b9c06ce57d0e8a8a400b5108f00a5.ffsupdating'
2020-11-25 23:09:17|   3.0|  0.5|STATS |Storing feature(s) to FME feature store file `C:\Users\Demo\AppData\Local\Temp\wb-cache-citygml2cesium3dtilesKalasatama-GSlcBi\Main_CityModel -1 8 -1  0  51730151f382acf7a11cf9dae27ec66c01653e8e.ffsupdating'
2020-11-25 23:09:17|   3.0|  0.0|INFORM|MULTI_READER(MULTI_READER): Done reading 1267 features from 1 readers
2020-11-25 23:09:17|   3.0|  0.0|INFORM|Emptying factory pipeline
2020-11-25 23:09:17|   3.0|  0.0|STATS |Router and Unexpected Input Remover (RoutingFactory): Tested 1267 input feature(s), wrote 1267 output feature(s): 1267 matched merge filters, 1267 were routed to output, 0 could not be routed.
2020-11-25 23:09:17|   3.0|  0.0|STATS |Unexpected Input Remover Nuker (TeeFactory): Cloned 0 input feature(s) into 0 output feature(s)
2020-11-25 23:09:17|   3.0|  0.0|STATS |WallSurface_CITYGML_1 Splitter (TeeFactory): Cloned 850 input feature(s) into 0 output feature(s)
2020-11-25 23:09:17|   3.0|  0.0|STATS |RoofSurface_CITYGML_1 Splitter (TeeFactory): Cloned 192 input feature(s) into 0 output feature(s)
2020-11-25 23:09:17|   3.0|  0.0|STATS |GroundSurface_CITYGML_1 Splitter (TeeFactory): Cloned 61 input feature(s) into 61 output feature(s)
2020-11-25 23:09:17|   3.0|  0.0|STATS |GroundSurface_CITYGML_1 Feature Counter -1 16 (TeeFactory): Cloned 61 input feature(s) into 61 output feature(s)
2020-11-25 23:09:17|   3.0|  0.0|STATS |CityModel_CITYGML_1 Splitter (TeeFactory): Cloned 1 input feature(s) into 1 output feature(s)
2020-11-25 23:09:17|   3.0|  0.0|STATS |CityModel_CITYGML_1 Feature Counter -1 22 (TeeFactory): Cloned 1 input feature(s) into 1 output feature(s)
2020-11-25 23:09:17|   3.0|  0.0|STATS |Building_CITYGML_1 Splitter (TeeFactory): Cloned 61 input feature(s) into 61 output feature(s)
2020-11-25 23:09:17|   3.0|  0.0|STATS |Building_CITYGML_1 Feature Counter -1 18 (TeeFactory): Cloned 61 input feature(s) into 61 output feature(s)
2020-11-25 23:09:17|   3.0|  0.0|STATS |Stored 61 feature(s) to FME feature store file `C:\Users\Demo\AppData\Local\Temp\wb-cache-citygml2cesium3dtilesKalasatama-GSlcBi\Main_GroundSurface -1 6 -1  0  09a977032d97aa302b2fcd0d63176d1730961fae.ffsupdating'
2020-11-25 23:09:17|   3.0|  0.0|INFORM|Saving spatial index into file 'C:\Users\Demo\AppData\Local\Temp\wb-cache-citygml2cesium3dtilesKalasatama-GSlcBi\Main_GroundSurface -1 6 -1  0  09a977032d97aa302b2fcd0d63176d1730961fae.fsi'
2020-11-25 23:09:17|   3.0|  0.0|INFORM|Finished saving spatial index into file 'C:\Users\Demo\AppData\Local\Temp\wb-cache-citygml2cesium3dtilesKalasatama-GSlcBi\Main_GroundSurface -1 6 -1  0  09a977032d97aa302b2fcd0d63176d1730961fae.fsi'
2020-11-25 23:09:17|   3.0|  0.0|STATS |Stored 192 feature(s) to FME feature store file `C:\Users\Demo\AppData\Local\Temp\wb-cache-citygml2cesium3dtilesKalasatama-GSlcBi\Main_RoofSurface -1 4 -1  0  fa00df82302c233b443724c1c8bea28a014b7c77.ffsupdating'
2020-11-25 23:09:17|   3.0|  0.0|INFORM|Saving spatial index into file 'C:\Users\Demo\AppData\Local\Temp\wb-cache-citygml2cesium3dtilesKalasatama-GSlcBi\Main_RoofSurface -1 4 -1  0  fa00df82302c233b443724c1c8bea28a014b7c77.fsi'
2020-11-25 23:09:17|   3.0|  0.0|INFORM|Finished saving spatial index into file 'C:\Users\Demo\AppData\Local\Temp\wb-cache-citygml2cesium3dtilesKalasatama-GSlcBi\Main_RoofSurface -1 4 -1  0  fa00df82302c233b443724c1c8bea28a014b7c77.fsi'
2020-11-25 23:09:17|   3.0|  0.0|STATS |Stored 102 feature(s) to FME feature store file `C:\Users\Demo\AppData\Local\Temp\wb-cache-citygml2cesium3dtilesKalasatama-GSlcBi\Main_Address -1 12 -1  0  2bb31d1abb9647585bfdbe5a20e8ecf54074eddd.ffsupdating'
2020-11-25 23:09:17|   3.0|  0.0|INFORM|Saving spatial index into file 'C:\Users\Demo\AppData\Local\Temp\wb-cache-citygml2cesium3dtilesKalasatama-GSlcBi\Main_Address -1 12 -1  0  2bb31d1abb9647585bfdbe5a20e8ecf54074eddd.fsi'
2020-11-25 23:09:17|   3.0|  0.0|INFORM|Finished saving spatial index into file 'C:\Users\Demo\AppData\Local\Temp\wb-cache-citygml2cesium3dtilesKalasatama-GSlcBi\Main_Address -1 12 -1  0  2bb31d1abb9647585bfdbe5a20e8ecf54074eddd.fsi'
2020-11-25 23:09:17|   3.0|  0.0|STATS |Stored 850 feature(s) to FME feature store file `C:\Users\Demo\AppData\Local\Temp\wb-cache-citygml2cesium3dtilesKalasatama-GSlcBi\Main_WallSurface -1 2 -1  0  6c608355ba7a00d5d942ff822b90d5d9e22fa06a.ffsupdating'
2020-11-25 23:09:17|   3.0|  0.0|INFORM|Saving spatial index into file 'C:\Users\Demo\AppData\Local\Temp\wb-cache-citygml2cesium3dtilesKalasatama-GSlcBi\Main_WallSurface -1 2 -1  0  6c608355ba7a00d5d942ff822b90d5d9e22fa06a.fsi'
2020-11-25 23:09:17|   3.0|  0.0|INFORM|Finished saving spatial index into file 'C:\Users\Demo\AppData\Local\Temp\wb-cache-citygml2cesium3dtilesKalasatama-GSlcBi\Main_WallSurface -1 2 -1  0  6c608355ba7a00d5d942ff822b90d5d9e22fa06a.fsi'
2020-11-25 23:09:17|   3.0|  0.0|STATS |Stored 61 feature(s) to FME feature store file `C:\Users\Demo\AppData\Local\Temp\wb-cache-citygml2cesium3dtilesKalasatama-GSlcBi\Main_Building -1 10 -1  0  61a1b9fb428b9c06ce57d0e8a8a400b5108f00a5.ffsupdating'
2020-11-25 23:09:17|   3.0|  0.0|INFORM|Saving spatial index into file 'C:\Users\Demo\AppData\Local\Temp\wb-cache-citygml2cesium3dtilesKalasatama-GSlcBi\Main_Building -1 10 -1  0  61a1b9fb428b9c06ce57d0e8a8a400b5108f00a5.fsi'
2020-11-25 23:09:17|   3.0|  0.0|INFORM|Finished saving spatial index into file 'C:\Users\Demo\AppData\Local\Temp\wb-cache-citygml2cesium3dtilesKalasatama-GSlcBi\Main_Building -1 10 -1  0  61a1b9fb428b9c06ce57d0e8a8a400b5108f00a5.fsi'
2020-11-25 23:09:17|   3.0|  0.0|STATS |Stored 1 feature(s) to FME feature store file `C:\Users\Demo\AppData\Local\Temp\wb-cache-citygml2cesium3dtilesKalasatama-GSlcBi\Main_CityModel -1 8 -1  0  51730151f382acf7a11cf9dae27ec66c01653e8e.ffsupdating'
2020-11-25 23:09:17|   3.0|  0.0|INFORM|Saving spatial index into file 'C:\Users\Demo\AppData\Local\Temp\wb-cache-citygml2cesium3dtilesKalasatama-GSlcBi\Main_CityModel -1 8 -1  0  51730151f382acf7a11cf9dae27ec66c01653e8e.fsi'
2020-11-25 23:09:17|   3.0|  0.0|INFORM|Finished saving spatial index into file 'C:\Users\Demo\AppData\Local\Temp\wb-cache-citygml2cesium3dtilesKalasatama-GSlcBi\Main_CityModel -1 8 -1  0  51730151f382acf7a11cf9dae27ec66c01653e8e.fsi'
2020-11-25 23:09:17|   3.0|  0.0|STATS |Address_CITYGML_1 Splitter (TeeFactory): Cloned 102 input feature(s) into 0 output feature(s)
2020-11-25 23:09:17|   3.0|  0.0|STATS |Destination Feature Type Routing Correlator (RoutingFactory): Tested 123 input feature(s), wrote 123 output feature(s): 0 matched merge filters, 123 were routed to output, 0 could not be routed.
2020-11-25 23:09:17|   3.0|  0.0|STATS |Final Output Nuker (TeeFactory): Cloned 0 input feature(s) into 0 output feature(s)
2020-11-25 23:09:17|   3.0|  0.0|INFORM|(CESIUM3DTILES_1) Closing the Cesium 3D Tiles writer with dataset 'C:\Users\Demo\CesiumCityGMLExp\public'
2020-11-25 23:09:17|   3.0|  0.0|INFORM|(CESIUM3DTILES_1) Finishing writing 3D tileset for feature type 'CityModel'
2020-11-25 23:09:17|   3.0|  0.0|INFORM|Creating writer for format: Cesium Batched 3D Model (B3DM)
2020-11-25 23:09:17|   3.0|  0.0|INFORM|Trying to find a DYNAMIC plugin for writer named `B3DM'
2020-11-25 23:09:17|   3.0|  0.0|INFORM|Loaded module 'B3DM' from file 'C:\Program Files\FME\plugins/GLTF.dll'
2020-11-25 23:09:17|   3.0|  0.0|INFORM|FME API version of module 'B3DM' matches current internal version (3.8 20200115)
2020-11-25 23:09:17|   3.0|  0.0|INFORM|FME Configuration: No destination coordinate system set
2020-11-25 23:09:17|   3.0|  0.0|INFORM|FME API version of module 'B3DM' matches current internal version (3.8 20200115)
2020-11-25 23:09:17|   3.0|  0.0|INFORM|FME API version of module 'B3DM' matches current internal version (3.8 20200115)
2020-11-25 23:09:17|   3.0|  0.0|INFORM|(W_2) Opening a b3dm writer with dataset 'C:\Users\Demo\CesiumCityGMLExp\public\CityModel\data'
2020-11-25 23:09:17|   3.0|  0.0|INFORM|FME Configuration: Destination coordinate system set to input coordinate system `EPSG:3879'
2020-11-25 23:09:17|   3.1|  0.0|INFORM|(CESIUM3DTILES_1) Finishing writing 3D tileset for feature type 'Building'
2020-11-25 23:09:17|   3.1|  0.0|INFORM|Creating writer for format: Cesium Batched 3D Model (B3DM)
2020-11-25 23:09:17|   3.1|  0.0|INFORM|Trying to find a DYNAMIC plugin for writer named `B3DM'
2020-11-25 23:09:17|   3.1|  0.0|INFORM|FME API version of module 'B3DM' matches current internal version (3.8 20200115)
2020-11-25 23:09:17|   3.1|  0.0|INFORM|FME Configuration: No destination coordinate system set
2020-11-25 23:09:17|   3.1|  0.0|INFORM|FME API version of module 'B3DM' matches current internal version (3.8 20200115)
2020-11-25 23:09:17|   3.1|  0.0|INFORM|FME API version of module 'B3DM' matches current internal version (3.8 20200115)
2020-11-25 23:09:17|   3.1|  0.0|INFORM|(W_3) Opening a b3dm writer with dataset 'C:\Users\Demo\CesiumCityGMLExp\public\Building\data'
2020-11-25 23:09:17|   3.1|  0.0|INFORM|FME Configuration: Destination coordinate system set to input coordinate system `EPSG:3879'
2020-11-25 23:09:18|   3.1|  0.0|INFORM|=-=-=-=-=-=-=-=-=-=-=-=-=-=-=-=-=-=-=-=-=-=-=-=-=-=-=-=-=-=-=-=-=-=-=-=-=-=-=-
2020-11-25 23:09:18|   3.1|  0.0|INFORM|Feature output statistics for `CESIUM3DTILES' writer using keyword `CESIUM3DTILES_1':
2020-11-25 23:09:18|   3.1|  0.0|STATS |=-=-=-=-=-=-=-=-=-=-=-=-=-=-=-=-=-=-=-=-=-=-=-=-=-=-=-=-=-=-=-=-=-=-=-=-=-=-=-
2020-11-25 23:09:18|   3.1|  0.0|STATS |                               Features Written
2020-11-25 23:09:18|   3.1|  0.0|STATS |=-=-=-=-=-=-=-=-=-=-=-=-=-=-=-=-=-=-=-=-=-=-=-=-=-=-=-=-=-=-=-=-=-=-=-=-=-=-=-
2020-11-25 23:09:18|   3.1|  0.0|STATS |Building                                                                    61
2020-11-25 23:09:18|   3.1|  0.0|STATS |CityModel                                                                   62
2020-11-25 23:09:18|   3.1|  0.0|STATS |==============================================================================
2020-11-25 23:09:18|   3.1|  0.0|STATS |Total Features Written                                                     123
2020-11-25 23:09:18|   3.1|  0.0|STATS |=-=-=-=-=-=-=-=-=-=-=-=-=-=-=-=-=-=-=-=-=-=-=-=-=-=-=-=-=-=-=-=-=-=-=-=-=-=-=-
2020-11-25 23:09:18|   3.1|  0.0|STATS |=-=-=-=-=-=-=-=-=-=-=-=-=-=-=-=-=-=-=-=-=-=-=-=-=-=-=-=-=-=-=-=-=-=-=-=-=-=-=-
2020-11-25 23:09:18|   3.1|  0.0|STATS |                            Features Read Summary
2020-11-25 23:09:18|   3.1|  0.0|STATS |=-=-=-=-=-=-=-=-=-=-=-=-=-=-=-=-=-=-=-=-=-=-=-=-=-=-=-=-=-=-=-=-=-=-=-=-=-=-=-
2020-11-25 23:09:18|   3.1|  0.0|STATS |Address                                                                    102
2020-11-25 23:09:18|   3.1|  0.0|STATS |Building                                                                    61
2020-11-25 23:09:18|   3.1|  0.0|STATS |CityModel                                                                    1
2020-11-25 23:09:18|   3.1|  0.0|STATS |GroundSurface                                                               61
2020-11-25 23:09:18|   3.1|  0.0|STATS |RoofSurface                                                                192
2020-11-25 23:09:18|   3.1|  0.0|STATS |WallSurface                                                                850
2020-11-25 23:09:18|   3.1|  0.0|STATS |==============================================================================
2020-11-25 23:09:18|   3.1|  0.0|STATS |Total Features Read                                                       1267
2020-11-25 23:09:18|   3.1|  0.0|STATS |=-=-=-=-=-=-=-=-=-=-=-=-=-=-=-=-=-=-=-=-=-=-=-=-=-=-=-=-=-=-=-=-=-=-=-=-=-=-=-
2020-11-25 23:09:18|   3.1|  0.0|STATS |=-=-=-=-=-=-=-=-=-=-=-=-=-=-=-=-=-=-=-=-=-=-=-=-=-=-=-=-=-=-=-=-=-=-=-=-=-=-=-
2020-11-25 23:09:18|   3.1|  0.0|STATS |                           Features Written Summary
2020-11-25 23:09:18|   3.1|  0.0|STATS |=-=-=-=-=-=-=-=-=-=-=-=-=-=-=-=-=-=-=-=-=-=-=-=-=-=-=-=-=-=-=-=-=-=-=-=-=-=-=-
2020-11-25 23:09:18|   3.1|  0.0|STATS |Building                                                                    61
2020-11-25 23:09:18|   3.1|  0.0|STATS |CityModel                                                                   62
2020-11-25 23:09:18|   3.1|  0.0|STATS |==============================================================================
2020-11-25 23:09:18|   3.1|  0.0|STATS |Total Features Written                                                     123
2020-11-25 23:09:18|   3.1|  0.0|STATS |=-=-=-=-=-=-=-=-=-=-=-=-=-=-=-=-=-=-=-=-=-=-=-=-=-=-=-=-=-=-=-=-=-=-=-=-=-=-=-
2020-11-25 23:09:18|   3.1|  0.0|WARN  |-~-~-~-~-~-~-~-~-~-~-~-~-~-~-~-~-~-~-~-~-~-~-~-~-~-~-~-~-~-~-~-~-~-~-~-~-~-~-~-~-
2020-11-25 23:09:18|   3.1|  0.0|WARN  |-~                                                                             ~-
2020-11-25 23:09:18|   3.1|  0.0|WARN  |-~    Feature caches have been recorded at every stage of the translation.     ~-
2020-11-25 23:09:18|   3.1|  0.0|WARN  |-~                      To inspect the recorded features,                      ~-
2020-11-25 23:09:18|   3.1|  0.0|WARN  |-~              click the feature cache icons next to the ports.               ~-
2020-11-25 23:09:18|   3.1|  0.0|WARN  |-~                                                                             ~-
2020-11-25 23:09:18|   3.1|  0.0|WARN  |-~-~-~-~-~-~-~-~-~-~-~-~-~-~-~-~-~-~-~-~-~-~-~-~-~-~-~-~-~-~-~-~-~-~-~-~-~-~-~-~-
2020-11-25 23:09:18|   3.1|  0.0|INFORM|Translation was SUCCESSFUL with 7 warning(s) (123 feature(s) output)
2020-11-25 23:09:18|   3.1|  0.0|INFORM|FME Session Duration: 3.6 seconds. (CPU: 2.3s user, 0.4s system)
2020-11-25 23:09:18|   3.1|  0.0|INFORM|END - ProcessID: 18732, peak process memory usage: 165108 kB, current process memory usage: 114000 kB
