2020-11-25 23:10:39|   0.1|  0.1|INFORM|FME 2020.1.3.0 (20201001 - Build 20632 - WIN64)
2020-11-25 23:10:39|   0.1|  0.0|INFORM|FME_HOME is 'C:\Program Files\FME\'
2020-11-25 23:10:39|   0.1|  0.0|INFORM|FME Database Edition (node locked-crc)
2020-11-25 23:10:39|   0.1|  0.0|INFORM|Serial Number: 0
2020-11-25 23:10:39|   0.1|  0.0|INFORM|Temporary License: 74 days left.
2020-11-25 23:10:39|   0.1|  0.0|INFORM|Machine host name is: DESKTOP-ORJMQCL
2020-11-25 23:10:39|   0.1|  0.0|INFORM|START - ProcessID: 18096, peak process memory usage: 37676 kB, current process memory usage: 37576 kB
2020-11-25 23:10:39|   0.1|  0.0|INFORM|FME Configuration: Command line arguments are `C:\Program Files\FME\fme.exe' `C:/Users/Demo/CesiumCityGMLExp/FME\wb-xlate-1606338637387_15680' `LOG_STANDARDOUT' `YES' `LogCountServerName' `{1ebea988-3845-4876-9109-e9ab13c8371b}'
2020-11-25 23:10:39|   0.1|  0.0|INFORM|FME Configuration: Connection Storage: 'C:\Users\Demo\AppData\Roaming\Safe Software\FME\'
2020-11-25 23:10:39|   0.5|  0.4|INFORM|Shared folders for formats are : C:\Program Files\FME\datasources;C:\Users\Demo\Documents\FME\Formats
2020-11-25 23:10:39|   0.5|  0.0|INFORM|Shared folders for transformers are : C:\Users\Demo\AppData\Roaming\Safe Software\FME\Packages\20632-win64\transformers;C:\Program Files\FME\transformers;C:\Users\Demo\AppData\Roaming\Safe Software\FME\FME Store\Transformers
2020-11-25 23:10:39|   0.5|  0.0|INFORM|Shared folders for coordinate systems are : C:\Users\Demo\Documents\FME\CoordinateSystems
2020-11-25 23:10:39|   0.5|  0.0|INFORM|Shared folders for coordinate system exceptions are : C:\Users\Demo\Documents\FME\CoordinateSystemExceptions
2020-11-25 23:10:39|   0.5|  0.0|INFORM|Shared folders for coordinate system grid overrides are : C:\Users\Demo\Documents\FME\CoordinateSystemGridOverrides
2020-11-25 23:10:39|   0.5|  0.0|INFORM|Shared folders for CS-MAP transformation exceptions are : C:\Users\Demo\Documents\FME\CsmapTransformationExceptions
2020-11-25 23:10:39|   0.5|  0.0|INFORM|Shared folders for transformer categories are : C:\Users\Demo\Documents\FME\TransformerCategories
2020-11-25 23:10:39|   0.5|  0.0|INFORM|FME Configuration: Reader Keyword is `MULTI_READER'
2020-11-25 23:10:39|   0.5|  0.0|INFORM|FME Configuration: Writer Keyword is `MULTI_WRITER'
2020-11-25 23:10:39|   0.5|  0.0|INFORM|FME Configuration: Writer Group Definition Keyword is `MULTI_WRITER_DEF'
2020-11-25 23:10:39|   0.5|  0.0|INFORM|FME Configuration: Reader type is `MULTI_READER'
2020-11-25 23:10:39|   0.5|  0.0|INFORM|FME Configuration: Writer type is `MULTI_WRITER'
2020-11-25 23:10:39|   0.5|  0.0|INFORM|FME Configuration: No destination coordinate system set
2020-11-25 23:10:39|   0.5|  0.0|INFORM|FME Configuration: Current working folder is `C:\Users\Demo\CesiumCityGMLExp\FME'
2020-11-25 23:10:39|   0.5|  0.0|INFORM|FME Configuration: Temporary folder is `C:\Users\Demo\AppData\Local\Temp\wbrun_1606213268660_15680\fmetmp_1606338639028_15680', set from environment variable `FME_TEMP'
2020-11-25 23:10:39|   0.5|  0.0|INFORM|FME Configuration: FME_HOME is `C:\Program Files\FME\'
2020-11-25 23:10:39|   0.5|  0.0|INFORM|FME Configuration: FME_BASE is 'no'
2020-11-25 23:10:39|   0.5|  0.0|INFORM|FME Configuration: FME_MF_DIR is 'C:\Users\Demo\CesiumCityGMLExp\FME/'
2020-11-25 23:10:39|   0.5|  0.0|INFORM|FME Configuration: FME_MF_NAME is 'postgres_postgres2json.fmw'
2020-11-25 23:10:39|   0.5|  0.0|INFORM|FME Configuration: FME_PRODUCT_NAME is 'FME(R) 2020.1.3.0'
2020-11-25 23:10:39|   0.5|  0.0|INFORM|System Status: 46.97 GB of disk space available in the FME temporary folder (C:\Users\Demo\AppData\Local\Temp\wbrun_1606213268660_15680\fmetmp_1606338639028_15680)
2020-11-25 23:10:39|   0.5|  0.0|INFORM|System Status: 15.96 GB of physical memory available
2020-11-25 23:10:39|   0.5|  0.0|INFORM|System Status: 31.96 GB of virtual memory available
2020-11-25 23:10:39|   0.5|  0.0|INFORM|Operating System: Microsoft Windows 10 64-bit  (Build 19041)
2020-11-25 23:10:39|   0.5|  0.0|INFORM|FME Platform: WIN64
2020-11-25 23:10:39|   0.5|  0.0|INFORM|Locale: en_FI
2020-11-25 23:10:39|   0.5|  0.0|INFORM|System Encoding: windows-1252
2020-11-25 23:10:39|   0.5|  0.0|INFORM|FME Configuration: Start freeing memory when the process exceeds 47.87 GB
2020-11-25 23:10:39|   0.5|  0.0|INFORM|FME Configuration: Stop freeing memory when the process is below 35.90 GB
2020-11-25 23:10:39|   0.5|  0.0|INFORM|Creating writer for format: 
2020-11-25 23:10:39|   0.5|  0.0|INFORM|Creating reader for format: 
2020-11-25 23:10:39|   0.5|  0.0|INFORM|MULTI_READER(MULTI_READER): Will fail with first member reader failure
2020-11-25 23:10:39|   0.5|  0.0|INFORM|MULTI_READER(MULTI_READER): Adding POSTGRES Reader with keyword POSTGRES_1
2020-11-25 23:10:39|   0.5|  0.0|INFORM|MULTI_READER(MULTI_READER): Adding CITYGML Reader with keyword CITYGML_1
2020-11-25 23:10:39|   0.5|  0.0|INFORM|MULTI_READER(MULTI_READER): Adding XLSXR Reader with keyword XLSXR_1
2020-11-25 23:10:39|   0.5|  0.0|INFORM|MULTI_READER(MULTI_READER): Adding POSTGRES Reader with keyword POSTGRES_2
2020-11-25 23:10:39|   0.5|  0.0|INFORM|Using Multi Reader with keyword `MULTI_READER' to read multiple datasets
2020-11-25 23:10:39|   0.6|  0.0|INFORM|FME Configuration: Using connection values from 'db01fvh' for POSTGRES_1
2020-11-25 23:10:39|   0.6|  0.0|INFORM|Creating reader for format: PostgreSQL
2020-11-25 23:10:40|   0.6|  0.0|INFORM|Trying to find a DYNAMIC plugin for reader named `POSTGRES'
2020-11-25 23:10:40|   0.6|  0.0|INFORM|Loaded module 'POSTGRES' from file 'C:\Program Files\FME\plugins/POSTGIS.dll'
2020-11-25 23:10:40|   0.6|  0.0|INFORM|FME API version of module 'POSTGRES' matches current internal version (3.8 20200115)
2020-11-25 23:10:40|   0.6|  0.0|INFORM|Opening POSTGRES reader for dataset 'kafka'
2020-11-25 23:10:40|   0.6|  0.0|INFORM|PostGIS client encoding: 'UTF8'
2020-11-25 23:10:40|   0.6|  0.0|INFORM|PostgreSQL 12.4 (Ubuntu 12.4-0ubuntu0.20.04.1) on x86_64-pc-linux-gnu, compiled by gcc (Ubuntu 9.3.0-10ubuntu2) 9.3.0, 64-bit
2020-11-25 23:10:40|   0.6|  0.0|INFORM|POSTGRES reader: Building features into bulk mode features
2020-11-25 23:10:40|   0.6|  0.0|INFORM|Using MultiWriter with keyword `MULTI_WRITER' to output data (ID_ATTRIBUTE is `multi_writer_id')
2020-11-25 23:10:40|   0.6|  0.0|INFORM|Writer output will be ordered by value of multi_writer_id
2020-11-25 23:10:40|   0.7|  0.0|INFORM|Loaded module 'LogCount_func' from file 'C:\Program Files\FME\plugins/LogCount_func.dll'
2020-11-25 23:10:40|   0.7|  0.0|INFORM|FME API version of module 'LogCount_func' matches current internal version (3.8 20200115)
2020-11-25 23:10:40|   0.7|  0.0|INFORM|Loaded module 'JSONQueryFactory' from file 'C:\Program Files\FME\plugins/JSONQueryFactory.dll'
2020-11-25 23:10:40|   0.7|  0.0|INFORM|FME API version of module 'JSONQueryFactory' matches current internal version (3.8 20200115)
2020-11-25 23:10:40|   0.7|  0.0|INFORM|Loaded module 'AttributeKeeperFactory' from file 'C:\Program Files\FME\plugins/AttributeKeeperFactory.dll'
2020-11-25 23:10:40|   0.7|  0.0|INFORM|FME API version of module 'AttributeKeeperFactory' matches current internal version (3.8 20200115)
2020-11-25 23:10:40|   0.7|  0.0|INFORM|Loaded module 'DuplicateRemoverFactory' from file 'C:\Program Files\FME\plugins/DuplicateRemoverFactory.dll'
2020-11-25 23:10:40|   0.7|  0.0|INFORM|FME API version of module 'DuplicateRemoverFactory' matches current internal version (3.8 20200115)
2020-11-25 23:10:40|   0.7|  0.0|INFORM|Loaded module 'JoinFactory' from file 'C:\Program Files\FME\plugins/JoinFactory.dll'
2020-11-25 23:10:40|   0.7|  0.0|INFORM|FME API version of module 'JoinFactory' matches current internal version (3.8 20200115)
2020-11-25 23:10:40|   0.7|  0.0|INFORM|Loaded module 'FeatureJoinerFactory' from file 'C:\Program Files\FME\plugins/FeatureJoinerFactory.dll'
2020-11-25 23:10:40|   0.7|  0.0|INFORM|FME API version of module 'FeatureJoinerFactory' matches current internal version (3.8 20200115)
2020-11-25 23:10:40|   0.7|  0.0|INFORM|Loaded module 'PythonFactory' from file 'C:\Program Files\FME\plugins/PythonFactory.dll'
2020-11-25 23:10:40|   0.7|  0.0|INFORM|FME API version of module 'PythonFactory' matches current internal version (3.8 20200115)
2020-11-25 23:10:40|   0.7|  0.0|INFORM|Using Python interpreter from `C:\Program Files\FME\fmepython37\python37.dll' with PYTHONHOME `C:\Program Files\FME\fmepython37'
2020-11-25 23:10:40|   0.7|  0.0|INFORM|Python version 3.7 loaded successfully
2020-11-25 23:10:40|   0.7|  0.0|INFORM|Adding folder `C:\Users\Demo\CesiumCityGMLExp\FME\' to the python path
2020-11-25 23:10:40|   0.8|  0.0|INFORM|Adding folder `C:\Users\Demo\CesiumCityGMLExp\FME\' to the python path
2020-11-25 23:10:40|   0.8|  0.0|INFORM|Loaded module 'HTTPFactory' from file 'C:\Program Files\FME\plugins/HTTPFactory.dll'
2020-11-25 23:10:40|   0.8|  0.0|INFORM|FME API version of module 'HTTPFactory' matches current internal version (3.8 20200115)
2020-11-25 23:10:40|   0.8|  0.0|INFORM|FME API version of module 'AttributeKeeperFactory' matches current internal version (3.8 20200115)
2020-11-25 23:10:40|   0.8|  0.0|INFORM|FME API version of module 'JSONQueryFactory' matches current internal version (3.8 20200115)
2020-11-25 23:10:40|   0.8|  0.0|INFORM|FME API version of module 'PythonFactory' matches current internal version (3.8 20200115)
2020-11-25 23:10:40|   0.8|  0.0|INFORM|Adding folder `C:\Users\Demo\CesiumCityGMLExp\FME\' to the python path
2020-11-25 23:10:40|   0.8|  0.0|INFORM|Adding folder `C:\Users\Demo\CesiumCityGMLExp\FME\' to the python path
2020-11-25 23:10:40|   0.8|  0.0|INFORM|Executing data query: 'declare "public_observation_crsr" cursor for select "id","phenomenontime_begin","phenomenontime_end","resulttime","result","resultquality","validtime_begin","validtime_end","parameters","datastream_id","featureofintrest_link" from "public"."observation"'
2020-11-25 23:10:40|   0.8|  0.0|INFORM|Reading POSTGRES table: 'public.observation'...
2020-11-25 23:10:45|   5.1|  4.3|INFORM|POSTGRES reader: Read 80000 features
2020-11-25 23:10:46|   6.2|  1.1|STATS |Storing feature(s) to FME feature store file `C:\Users\Demo\AppData\Local\Temp\wb-cache-postgres_postgres2json-SDpjiS\Main_public.observation -1 2 -1  0  f16197bc05a75137414e2e423e315d37f7a5dcb1.ffsupdating'
2020-11-25 23:10:46|   6.2|  0.0|INFORM|FFS writer: Writing 100000 feature(s) to file 'C:\Users\Demo\AppData\Local\Temp\wb-cache-postgres_postgres2json-SDpjiS\Main_public.observation -1 2 -1  0  f16197bc05a75137414e2e423e315d37f7a5dcb1.fts'
2020-11-25 23:10:46|   6.4|  0.2|INFORM|Spatial Index: Adding 100000 features
2020-11-25 23:10:49|   8.8|  2.4|STATS |Storing feature(s) to FME feature store file `C:\Users\Demo\AppData\Local\Temp\wb-cache-postgres_postgres2json-SDpjiS\Main_Observation_tester -1 22 fo 0 PASSED  0  16b0895de76b3de774b1bcf9d34ec409a0b45eb7.ffsupdating'
2020-11-25 23:10:49|   8.8|  0.0|INFORM|FFS writer: Writing 45084 feature(s) to file 'C:\Users\Demo\AppData\Local\Temp\wb-cache-postgres_postgres2json-SDpjiS\Main_Observation_tester -1 22 fo 0 PASSED  0  16b0895de76b3de774b1bcf9d34ec409a0b45eb7.fts'
2020-11-25 23:10:49|   9.2|  0.3|INFORM|Spatial Index: Adding 45084 features
2020-11-25 23:10:49|   9.2|  0.1|STATS |Storing feature(s) to FME feature store file `C:\Users\Demo\AppData\Local\Temp\wb-cache-postgres_postgres2json-SDpjiS\Main_Observation_tester -1 22 fo 1 FAILED  0  52ae6db919c93e80fb457c67f924350de3899c74.ffsupdating'
2020-11-25 23:10:49|   9.3|  0.0|INFORM|FFS writer: Writing 54916 feature(s) to file 'C:\Users\Demo\AppData\Local\Temp\wb-cache-postgres_postgres2json-SDpjiS\Main_Observation_tester -1 22 fo 1 FAILED  0  52ae6db919c93e80fb457c67f924350de3899c74.fts'
2020-11-25 23:10:49|   9.5|  0.2|INFORM|Spatial Index: Adding 54916 features
2020-11-25 23:10:50|  10.3|  0.8|INFORM|POSTGRES reader: Read 110000 features
2020-11-25 23:10:55|  14.4|  4.2|INFORM|POSTGRES reader: Read 180000 features
2020-11-25 23:10:56|  15.7|  1.2|INFORM|FFS writer: Writing 100000 feature(s) to file 'C:\Users\Demo\AppData\Local\Temp\wb-cache-postgres_postgres2json-SDpjiS\Main_public.observation -1 2 -1  0  f16197bc05a75137414e2e423e315d37f7a5dcb1_1.fts'
2020-11-25 23:10:56|  15.9|  0.2|INFORM|Spatial Index: Adding 100000 features
2020-11-25 23:10:59|  18.3|  2.4|INFORM|FFS writer: Writing 52994 feature(s) to file 'C:\Users\Demo\AppData\Local\Temp\wb-cache-postgres_postgres2json-SDpjiS\Main_Observation_tester -1 22 fo 1 FAILED  0  52ae6db919c93e80fb457c67f924350de3899c74_1.fts'
2020-11-25 23:10:59|  18.6|  0.3|INFORM|Spatial Index: Adding 52994 features
2020-11-25 23:10:59|  18.6|  0.0|INFORM|FFS writer: Writing 47006 feature(s) to file 'C:\Users\Demo\AppData\Local\Temp\wb-cache-postgres_postgres2json-SDpjiS\Main_Observation_tester -1 22 fo 0 PASSED  0  16b0895de76b3de774b1bcf9d34ec409a0b45eb7_1.fts'
2020-11-25 23:10:59|  18.8|  0.2|INFORM|Spatial Index: Adding 47006 features
2020-11-25 23:11:00|  19.5|  0.7|INFORM|POSTGRES reader: Read 210000 features
2020-11-25 23:11:05|  23.7|  4.3|INFORM|POSTGRES reader: Read 280000 features
2020-11-25 23:11:06|  24.8|  1.1|INFORM|FFS writer: Writing 100000 feature(s) to file 'C:\Users\Demo\AppData\Local\Temp\wb-cache-postgres_postgres2json-SDpjiS\Main_public.observation -1 2 -1  0  f16197bc05a75137414e2e423e315d37f7a5dcb1_2.fts'
2020-11-25 23:11:06|  25.0|  0.2|INFORM|Spatial Index: Adding 100000 features
2020-11-25 23:11:09|  27.3|  2.3|INFORM|FFS writer: Writing 50477 feature(s) to file 'C:\Users\Demo\AppData\Local\Temp\wb-cache-postgres_postgres2json-SDpjiS\Main_Observation_tester -1 22 fo 1 FAILED  0  52ae6db919c93e80fb457c67f924350de3899c74_2.fts'
2020-11-25 23:11:09|  27.6|  0.3|INFORM|Spatial Index: Adding 50477 features
2020-11-25 23:11:09|  27.7|  0.0|INFORM|FFS writer: Writing 49523 feature(s) to file 'C:\Users\Demo\AppData\Local\Temp\wb-cache-postgres_postgres2json-SDpjiS\Main_Observation_tester -1 22 fo 0 PASSED  0  16b0895de76b3de774b1bcf9d34ec409a0b45eb7_2.fts'
2020-11-25 23:11:09|  27.8|  0.2|INFORM|Spatial Index: Adding 49523 features
2020-11-25 23:11:10|  28.4|  0.6|INFORM|POSTGRES reader: Read 310000 features
2020-11-25 23:11:15|  33.0|  4.5|INFORM|POSTGRES reader: Read 390000 features
2020-11-25 23:11:15|  33.5|  0.5|INFORM|FFS writer: Writing 100000 feature(s) to file 'C:\Users\Demo\AppData\Local\Temp\wb-cache-postgres_postgres2json-SDpjiS\Main_public.observation -1 2 -1  0  f16197bc05a75137414e2e423e315d37f7a5dcb1_3.fts'
2020-11-25 23:11:16|  33.7|  0.2|INFORM|Spatial Index: Adding 100000 features
2020-11-25 23:11:18|  36.0|  2.3|INFORM|FFS writer: Writing 45369 feature(s) to file 'C:\Users\Demo\AppData\Local\Temp\wb-cache-postgres_postgres2json-SDpjiS\Main_Observation_tester -1 22 fo 1 FAILED  0  52ae6db919c93e80fb457c67f924350de3899c74_3.fts'
2020-11-25 23:11:18|  36.2|  0.2|INFORM|Spatial Index: Adding 45369 features
2020-11-25 23:11:18|  36.3|  0.0|INFORM|FFS writer: Writing 54631 feature(s) to file 'C:\Users\Demo\AppData\Local\Temp\wb-cache-postgres_postgres2json-SDpjiS\Main_Observation_tester -1 22 fo 0 PASSED  0  16b0895de76b3de774b1bcf9d34ec409a0b45eb7_3.fts'
2020-11-25 23:11:18|  36.5|  0.2|INFORM|Spatial Index: Adding 54631 features
